build/app/intermediates/manifest_merge_blame_file/debug/manifest-merger-blame-debug-report.txt
1<?xml version="1.0" encoding="utf-8"?>
2<manifest xmlns:android="http://schemas.android.com/apk/res/android"
3    package="com.example.flutter_applicationgoogle_drive"
4    android:versionCode="1"
5    android:versionName="1.0.0" >
6
7    <uses-sdk
8        android:minSdkVersion="21"
9        android:targetSdkVersion="31" />
10    <!--
11         Flutter needs it to communicate with the running application
12         to allow setting breakpoints, to provide hot reload, etc.
13    -->
14    <uses-permission android:name="android.permission.INTERNET" />
14-->src/debug/AndroidManifest.xml:6:5-66
14-->src/debug/AndroidManifest.xml:6:22-64
15    <uses-permission android:name="android.permission.ACCESS_FINE_LOCATION" />
15-->src/main/AndroidManifest.xml:4:5-79
15-->src/main/AndroidManifest.xml:4:22-76
16    <uses-permission android:name="android.permission.ACCESS_COARSE_LOCATION" />
16-->src/main/AndroidManifest.xml:5:1-77
16-->src/main/AndroidManifest.xml:5:18-74
17    <uses-permission android:name="android.permission.USE_BIOMETRIC" />
17-->src/main/AndroidManifest.xml:6:6-72
17-->src/main/AndroidManifest.xml:6:23-70
18    <uses-permission android:name="android.permission.USE_FINGERPRINT" />
18-->src/main/AndroidManifest.xml:7:7-75
18-->src/main/AndroidManifest.xml:7:24-73
19    <uses-permission android:name="android.permission.FOREGROUND_SERVICE" />
19-->[:geolocator_android] AndroidManifest.xml:7:5-77
19-->[:geolocator_android] AndroidManifest.xml:7:22-74
20    <uses-permission android:name="android.permission.ACCESS_NETWORK_STATE" />
20-->[:connectivity_plus] AndroidManifest.xml:7:5-79
20-->[:connectivity_plus] AndroidManifest.xml:7:22-76
21    <uses-permission android:name="android.permission.WAKE_LOCK" />
21-->[androidx.work:work-runtime:2.7.0] AndroidManifest.xml:25:5-68
21-->[androidx.work:work-runtime:2.7.0] AndroidManifest.xml:25:22-65
22    <uses-permission android:name="android.permission.RECEIVE_BOOT_COMPLETED" />
22-->[androidx.work:work-runtime:2.7.0] AndroidManifest.xml:27:5-81
22-->[androidx.work:work-runtime:2.7.0] AndroidManifest.xml:27:22-78
23
24    <application
25        android:name="android.app.Application"
26        android:appComponentFactory="androidx.core.app.CoreComponentFactory"
26-->[androidx.core:core:1.8.0] AndroidManifest.xml:24:18-86
27        android:debuggable="true"
28        android:icon="@mipmap/ic_launcher"
29        android:label="flutter_applicationgoogle_drive" >
30        <activity
31            android:name="com.example.flutter_applicationgoogle_drive.MainActivity"
32            android:configChanges="orientation|keyboardHidden|keyboard|screenSize|smallestScreenSize|locale|layoutDirection|fontScale|screenLayout|density|uiMode"
33            android:exported="true"
34            android:hardwareAccelerated="true"
35            android:launchMode="singleTop"
36            android:theme="@style/LaunchTheme"
37            android:windowSoftInputMode="adjustResize" >
38
39            <!--
40                 Specifies an Android theme to apply to this Activity as soon as
41                 the Android process has started. This theme is visible to the user
42                 while the Flutter UI initializes. After that, this theme continues
43                 to determine the Window background behind the Flutter UI.
44            -->
45            <meta-data
46                android:name="io.flutter.embedding.android.NormalTheme"
47                android:resource="@style/NormalTheme" />
48
49            <intent-filter>
50                <action android:name="android.intent.action.MAIN" />
51
52                <category android:name="android.intent.category.LAUNCHER" />
53            </intent-filter>
54        </activity>
55
56        <meta-data
57            android:name="io.flutter.embedding.android.SplashScreenDrawable"
58            android:resource="@drawable/launch_background" />
59        <!--
60             Don't delete the meta-data below.
61             This is used by the Flutter tool to generate GeneratedPluginRegistrant.java
62        -->
63        <meta-data
64            android:name="flutterEmbedding"
65            android:value="2" />
66
67        <service
67-->[:geolocator_android] AndroidManifest.xml:10:9-14:56
68            android:name="com.baseflow.geolocator.GeolocatorLocationService"
68-->[:geolocator_android] AndroidManifest.xml:11:13-77
69            android:enabled="true"
69-->[:geolocator_android] AndroidManifest.xml:12:13-35
70            android:exported="false"
70-->[:geolocator_android] AndroidManifest.xml:13:13-37
71            android:foregroundServiceType="location" />
71-->[:geolocator_android] AndroidManifest.xml:14:13-53
72
73        <provider
73-->[:image_picker_android] AndroidManifest.xml:8:9-16:20
74            android:name="io.flutter.plugins.imagepicker.ImagePickerFileProvider"
74-->[:image_picker_android] AndroidManifest.xml:9:13-82
75            android:authorities="com.example.flutter_applicationgoogle_drive.flutter.image_provider"
75-->[:image_picker_android] AndroidManifest.xml:10:13-74
76            android:exported="false"
76-->[:image_picker_android] AndroidManifest.xml:11:13-37
77            android:grantUriPermissions="true" >
77-->[:image_picker_android] AndroidManifest.xml:12:13-47
78            <meta-data
78-->[:image_picker_android] AndroidManifest.xml:13:13-15:75
79                android:name="android.support.FILE_PROVIDER_PATHS"
79-->[:image_picker_android] AndroidManifest.xml:14:17-67
80                android:resource="@xml/flutter_image_picker_file_paths" />
80-->[:image_picker_android] AndroidManifest.xml:15:17-72
81        </provider>
82
83        <activity
83-->[com.google.android.gms:play-services-base:17.0.0] AndroidManifest.xml:23:9-26:75
84            android:name="com.google.android.gms.common.api.GoogleApiActivity"
84-->[com.google.android.gms:play-services-base:17.0.0] AndroidManifest.xml:24:13-79
85            android:exported="false"
85-->[com.google.android.gms:play-services-base:17.0.0] AndroidManifest.xml:25:13-37
86            android:theme="@android:style/Theme.Translucent.NoTitleBar" />
86-->[com.google.android.gms:play-services-base:17.0.0] AndroidManifest.xml:26:13-72
87
88        <meta-data
88-->[com.google.android.gms:play-services-basement:17.0.0] AndroidManifest.xml:23:9-25:69
89            android:name="com.google.android.gms.version"
89-->[com.google.android.gms:play-services-basement:17.0.0] AndroidManifest.xml:24:13-58
90            android:value="@integer/google_play_services_version" />
90-->[com.google.android.gms:play-services-basement:17.0.0] AndroidManifest.xml:25:13-66
91
92        <uses-library
92-->[androidx.window:window:1.0.0-beta04] AndroidManifest.xml:25:9-27:40
93            android:name="androidx.window.extensions"
93-->[androidx.window:window:1.0.0-beta04] AndroidManifest.xml:26:13-54
94            android:required="false" />
94-->[androidx.window:window:1.0.0-beta04] AndroidManifest.xml:27:13-37
95        <uses-library
95-->[androidx.window:window:1.0.0-beta04] AndroidManifest.xml:28:9-30:40
96            android:name="androidx.window.sidecar"
96-->[androidx.window:window:1.0.0-beta04] AndroidManifest.xml:29:13-51
97            android:required="false" />
97-->[androidx.window:window:1.0.0-beta04] AndroidManifest.xml:30:13-37
98
99        <provider
99-->[androidx.work:work-runtime:2.7.0] AndroidManifest.xml:31:9-39:20
100            android:name="androidx.startup.InitializationProvider"
100-->[androidx.work:work-runtime:2.7.0] AndroidManifest.xml:32:13-67
101            android:authorities="com.example.flutter_applicationgoogle_drive.androidx-startup"
101-->[androidx.work:work-runtime:2.7.0] AndroidManifest.xml:33:13-68
102            android:exported="false" >
102-->[androidx.work:work-runtime:2.7.0] AndroidManifest.xml:34:13-37
103            <meta-data
103-->[androidx.work:work-runtime:2.7.0] AndroidManifest.xml:36:13-38:52
104                android:name="androidx.work.WorkManagerInitializer"
104-->[androidx.work:work-runtime:2.7.0] AndroidManifest.xml:37:17-68
105                android:value="androidx.startup" />
105-->[androidx.work:work-runtime:2.7.0] AndroidManifest.xml:38:17-49
106        </provider>
107
108        <service
108-->[androidx.work:work-runtime:2.7.0] AndroidManifest.xml:41:9-46:35
109            android:name="androidx.work.impl.background.systemalarm.SystemAlarmService"
109-->[androidx.work:work-runtime:2.7.0] AndroidManifest.xml:42:13-88
110            android:directBootAware="false"
110-->[androidx.work:work-runtime:2.7.0] AndroidManifest.xml:43:13-44
111            android:enabled="@bool/enable_system_alarm_service_default"
111-->[androidx.work:work-runtime:2.7.0] AndroidManifest.xml:44:13-72
112            android:exported="false" />
112-->[androidx.work:work-runtime:2.7.0] AndroidManifest.xml:45:13-37
113        <service
113-->[androidx.work:work-runtime:2.7.0] AndroidManifest.xml:47:9-53:35
114            android:name="androidx.work.impl.background.systemjob.SystemJobService"
114-->[androidx.work:work-runtime:2.7.0] AndroidManifest.xml:48:13-84
115            android:directBootAware="false"
115-->[androidx.work:work-runtime:2.7.0] AndroidManifest.xml:49:13-44
116            android:enabled="@bool/enable_system_job_service_default"
116-->[androidx.work:work-runtime:2.7.0] AndroidManifest.xml:50:13-70
117            android:exported="true"
117-->[androidx.work:work-runtime:2.7.0] AndroidManifest.xml:51:13-36
118            android:permission="android.permission.BIND_JOB_SERVICE" />
118-->[androidx.work:work-runtime:2.7.0] AndroidManifest.xml:52:13-69
119        <service
119-->[androidx.work:work-runtime:2.7.0] AndroidManifest.xml:54:9-59:35
120            android:name="androidx.work.impl.foreground.SystemForegroundService"
120-->[androidx.work:work-runtime:2.7.0] AndroidManifest.xml:55:13-81
121            android:directBootAware="false"
121-->[androidx.work:work-runtime:2.7.0] AndroidManifest.xml:56:13-44
122            android:enabled="@bool/enable_system_foreground_service_default"
122-->[androidx.work:work-runtime:2.7.0] AndroidManifest.xml:57:13-77
123            android:exported="false" />
123-->[androidx.work:work-runtime:2.7.0] AndroidManifest.xml:58:13-37
124
125        <receiver
125-->[androidx.work:work-runtime:2.7.0] AndroidManifest.xml:61:9-66:35
126            android:name="androidx.work.impl.utils.ForceStopRunnable$BroadcastReceiver"
126-->[androidx.work:work-runtime:2.7.0] AndroidManifest.xml:62:13-88
127            android:directBootAware="false"
127-->[androidx.work:work-runtime:2.7.0] AndroidManifest.xml:63:13-44
128            android:enabled="true"
128-->[androidx.work:work-runtime:2.7.0] AndroidManifest.xml:64:13-35
129            android:exported="false" />
129-->[androidx.work:work-runtime:2.7.0] AndroidManifest.xml:65:13-37
130        <receiver
130-->[androidx.work:work-runtime:2.7.0] AndroidManifest.xml:67:9-77:20
131            android:name="androidx.work.impl.background.systemalarm.ConstraintProxy$BatteryChargingProxy"
131-->[androidx.work:work-runtime:2.7.0] AndroidManifest.xml:68:13-106
132            android:directBootAware="false"
132-->[androidx.work:work-runtime:2.7.0] AndroidManifest.xml:69:13-44
133            android:enabled="false"
133-->[androidx.work:work-runtime:2.7.0] AndroidManifest.xml:70:13-36
134            android:exported="false" >
134-->[androidx.work:work-runtime:2.7.0] AndroidManifest.xml:71:13-37
135            <intent-filter>
135-->[androidx.work:work-runtime:2.7.0] AndroidManifest.xml:73:13-76:29
136                <action android:name="android.intent.action.ACTION_POWER_CONNECTED" />
136-->[androidx.work:work-runtime:2.7.0] AndroidManifest.xml:74:17-87
136-->[androidx.work:work-runtime:2.7.0] AndroidManifest.xml:74:25-84
137                <action android:name="android.intent.action.ACTION_POWER_DISCONNECTED" />
137-->[androidx.work:work-runtime:2.7.0] AndroidManifest.xml:75:17-90
137-->[androidx.work:work-runtime:2.7.0] AndroidManifest.xml:75:25-87
138            </intent-filter>
139        </receiver>
140        <receiver
140-->[androidx.work:work-runtime:2.7.0] AndroidManifest.xml:78:9-88:20
141            android:name="androidx.work.impl.background.systemalarm.ConstraintProxy$BatteryNotLowProxy"
141-->[androidx.work:work-runtime:2.7.0] AndroidManifest.xml:79:13-104
142            android:directBootAware="false"
142-->[androidx.work:work-runtime:2.7.0] AndroidManifest.xml:80:13-44
143            android:enabled="false"
143-->[androidx.work:work-runtime:2.7.0] AndroidManifest.xml:81:13-36
144            android:exported="false" >
144-->[androidx.work:work-runtime:2.7.0] AndroidManifest.xml:82:13-37
145            <intent-filter>
145-->[androidx.work:work-runtime:2.7.0] AndroidManifest.xml:84:13-87:29
146                <action android:name="android.intent.action.BATTERY_OKAY" />
146-->[androidx.work:work-runtime:2.7.0] AndroidManifest.xml:85:17-77
146-->[androidx.work:work-runtime:2.7.0] AndroidManifest.xml:85:25-74
147                <action android:name="android.intent.action.BATTERY_LOW" />
147-->[androidx.work:work-runtime:2.7.0] AndroidManifest.xml:86:17-76
147-->[androidx.work:work-runtime:2.7.0] AndroidManifest.xml:86:25-73
148            </intent-filter>
149        </receiver>
150        <receiver
150-->[androidx.work:work-runtime:2.7.0] AndroidManifest.xml:89:9-99:20
151            android:name="androidx.work.impl.background.systemalarm.ConstraintProxy$StorageNotLowProxy"
151-->[androidx.work:work-runtime:2.7.0] AndroidManifest.xml:90:13-104
152            android:directBootAware="false"
152-->[androidx.work:work-runtime:2.7.0] AndroidManifest.xml:91:13-44
153            android:enabled="false"
153-->[androidx.work:work-runtime:2.7.0] AndroidManifest.xml:92:13-36
154            android:exported="false" >
154-->[androidx.work:work-runtime:2.7.0] AndroidManifest.xml:93:13-37
155            <intent-filter>
155-->[androidx.work:work-runtime:2.7.0] AndroidManifest.xml:95:13-98:29
156                <action android:name="android.intent.action.DEVICE_STORAGE_LOW" />
156-->[androidx.work:work-runtime:2.7.0] AndroidManifest.xml:96:17-83
156-->[androidx.work:work-runtime:2.7.0] AndroidManifest.xml:96:25-80
157                <action android:name="android.intent.action.DEVICE_STORAGE_OK" />
157-->[androidx.work:work-runtime:2.7.0] AndroidManifest.xml:97:17-82
157-->[androidx.work:work-runtime:2.7.0] AndroidManifest.xml:97:25-79
158            </intent-filter>
159        </receiver>
160        <receiver
160-->[androidx.work:work-runtime:2.7.0] AndroidManifest.xml:100:9-109:20
161            android:name="androidx.work.impl.background.systemalarm.ConstraintProxy$NetworkStateProxy"
161-->[androidx.work:work-runtime:2.7.0] AndroidManifest.xml:101:13-103
162            android:directBootAware="false"
162-->[androidx.work:work-runtime:2.7.0] AndroidManifest.xml:102:13-44
163            android:enabled="false"
163-->[androidx.work:work-runtime:2.7.0] AndroidManifest.xml:103:13-36
164            android:exported="false" >
164-->[androidx.work:work-runtime:2.7.0] AndroidManifest.xml:104:13-37
165            <intent-filter>
165-->[androidx.work:work-runtime:2.7.0] AndroidManifest.xml:106:13-108:29
166                <action android:name="android.net.conn.CONNECTIVITY_CHANGE" />
166-->[androidx.work:work-runtime:2.7.0] AndroidManifest.xml:107:17-79
166-->[androidx.work:work-runtime:2.7.0] AndroidManifest.xml:107:25-76
167            </intent-filter>
168        </receiver>
169        <receiver
169-->[androidx.work:work-runtime:2.7.0] AndroidManifest.xml:110:9-121:20
170            android:name="androidx.work.impl.background.systemalarm.RescheduleReceiver"
170-->[androidx.work:work-runtime:2.7.0] AndroidManifest.xml:111:13-88
171            android:directBootAware="false"
171-->[androidx.work:work-runtime:2.7.0] AndroidManifest.xml:112:13-44
172            android:enabled="false"
172-->[androidx.work:work-runtime:2.7.0] AndroidManifest.xml:113:13-36
173            android:exported="false" >
173-->[androidx.work:work-runtime:2.7.0] AndroidManifest.xml:114:13-37
174            <intent-filter>
174-->[androidx.work:work-runtime:2.7.0] AndroidManifest.xml:116:13-120:29
175                <action android:name="android.intent.action.BOOT_COMPLETED" />
175-->[androidx.work:work-runtime:2.7.0] AndroidManifest.xml:117:17-79
175-->[androidx.work:work-runtime:2.7.0] AndroidManifest.xml:117:25-76
176                <action android:name="android.intent.action.TIME_SET" />
176-->[androidx.work:work-runtime:2.7.0] AndroidManifest.xml:118:17-73
176-->[androidx.work:work-runtime:2.7.0] AndroidManifest.xml:118:25-70
177                <action android:name="android.intent.action.TIMEZONE_CHANGED" />
177-->[androidx.work:work-runtime:2.7.0] AndroidManifest.xml:119:17-81
177-->[androidx.work:work-runtime:2.7.0] AndroidManifest.xml:119:25-78
178            </intent-filter>
179        </receiver>
180        <receiver
180-->[androidx.work:work-runtime:2.7.0] AndroidManifest.xml:122:9-131:20
181            android:name="androidx.work.impl.background.systemalarm.ConstraintProxyUpdateReceiver"
181-->[androidx.work:work-runtime:2.7.0] AndroidManifest.xml:123:13-99
182            android:directBootAware="false"
182-->[androidx.work:work-runtime:2.7.0] AndroidManifest.xml:124:13-44
183            android:enabled="@bool/enable_system_alarm_service_default"
183-->[androidx.work:work-runtime:2.7.0] AndroidManifest.xml:125:13-72
184            android:exported="false" >
184-->[androidx.work:work-runtime:2.7.0] AndroidManifest.xml:126:13-37
185            <intent-filter>
185-->[androidx.work:work-runtime:2.7.0] AndroidManifest.xml:128:13-130:29
186                <action android:name="androidx.work.impl.background.systemalarm.UpdateProxies" />
186-->[androidx.work:work-runtime:2.7.0] AndroidManifest.xml:129:17-98
186-->[androidx.work:work-runtime:2.7.0] AndroidManifest.xml:129:25-95
187            </intent-filter>
188        </receiver>
189        <receiver
189-->[androidx.work:work-runtime:2.7.0] AndroidManifest.xml:132:9-142:20
190            android:name="androidx.work.impl.diagnostics.DiagnosticsReceiver"
190-->[androidx.work:work-runtime:2.7.0] AndroidManifest.xml:133:13-78
191            android:directBootAware="false"
191-->[androidx.work:work-runtime:2.7.0] AndroidManifest.xml:134:13-44
192            android:enabled="true"
192-->[androidx.work:work-runtime:2.7.0] AndroidManifest.xml:135:13-35
193            android:exported="true"
193-->[androidx.work:work-runtime:2.7.0] AndroidManifest.xml:136:13-36
194            android:permission="android.permission.DUMP" >
194-->[androidx.work:work-runtime:2.7.0] AndroidManifest.xml:137:13-57
195            <intent-filter>
195-->[androidx.work:work-runtime:2.7.0] AndroidManifest.xml:139:13-141:29
196                <action android:name="androidx.work.diagnostics.REQUEST_DIAGNOSTICS" />
196-->[androidx.work:work-runtime:2.7.0] AndroidManifest.xml:140:17-88
196-->[androidx.work:work-runtime:2.7.0] AndroidManifest.xml:140:25-85
197            </intent-filter>
198        </receiver>
199
200        <service
200-->[androidx.room:room-runtime:2.2.5] AndroidManifest.xml:25:9-28:40
201            android:name="androidx.room.MultiInstanceInvalidationService"
201-->[androidx.room:room-runtime:2.2.5] AndroidManifest.xml:26:13-74
202            android:directBootAware="true"
202-->[androidx.room:room-runtime:2.2.5] AndroidManifest.xml:27:13-43
203            android:exported="false" />
203-->[androidx.room:room-runtime:2.2.5] AndroidManifest.xml:28:13-37
204    </application>
205
206</manifest>